Copyright 1986-2017 Xilinx, Inc. All Rights Reserved.
------------------------------------------------------------------------------------
| Tool Version : Vivado v.2017.3 (lin64) Build 2018833 Wed Oct  4 19:58:07 MDT 2017
| Date         : Mon Jan 22 10:17:03 2018
| Host         : DoubleL running 64-bit Ubuntu 16.04.3 LTS
| Command      : report_control_sets -file WIFI_DECRYPT_control_sets_placed.rpt
| Design       : WIFI_DECRYPT
| Device       : xc7a200t
------------------------------------------------------------------------------------

Control Set Information

Table of Contents
-----------------
1. Summary
2. Flip-Flop Distribution

1. Summary
----------

+-------------------------------+-------+
|             Status            | Count |
+-------------------------------+-------+
| Number of unique control sets |   556 |
+-------------------------------+-------+


2. Flip-Flop Distribution
-------------------------

+--------------+-----------------------+------------------------+-----------------+--------------+
| Clock Enable | Synchronous Set/Reset | Asynchronous Set/Reset | Total Registers | Total Slices |
+--------------+-----------------------+------------------------+-----------------+--------------+
| No           | No                    | No                     |             218 |          125 |
| No           | No                    | Yes                    |           21094 |         5027 |
| No           | Yes                   | No                     |              50 |           15 |
| Yes          | No                    | No                     |           45246 |        12811 |
| Yes          | No                    | Yes                    |           16433 |         4313 |
| Yes          | Yes                   | No                     |           39104 |         7739 |
+--------------+-----------------------+------------------------+-----------------+--------------+


