Copyright 1986-2017 Xilinx, Inc. All Rights Reserved.
------------------------------------------------------------------------------------------
| Tool Version : Vivado v.2017.3 (lin64) Build 2018833 Wed Oct  4 19:58:07 MDT 2017
| Date         : Mon Jan 22 10:25:33 2018
| Host         : DoubleL running 64-bit Ubuntu 16.04.3 LTS
| Command      : report_clock_utilization -file WIFI_DECRYPT_clock_utilization_routed.rpt
| Design       : WIFI_DECRYPT
| Device       : 7a200t-sbg484
| Speed File   : -1  PRODUCTION 1.19 2017-08-11
------------------------------------------------------------------------------------------

Clock Utilization Report

Table of Contents
-----------------
1. Clock Primitive Utilization
2. Global Clock Resources
3. Global Clock Source Details
4. Local Clock Details
5. Clock Regions: Key Resource Utilization
6. Clock Regions : Global Clock Summary
7. Device Cell Placement Summary for Global Clock g0
8. Device Cell Placement Summary for Global Clock g1
9. Device Cell Placement Summary for Global Clock g2
10. Device Cell Placement Summary for Global Clock g3
11. Clock Region Cell Placement per Global Clock: Region X0Y0
12. Clock Region Cell Placement per Global Clock: Region X1Y0
13. Clock Region Cell Placement per Global Clock: Region X0Y1
14. Clock Region Cell Placement per Global Clock: Region X1Y1
15. Clock Region Cell Placement per Global Clock: Region X0Y2
16. Clock Region Cell Placement per Global Clock: Region X1Y2
17. Clock Region Cell Placement per Global Clock: Region X0Y3
18. Clock Region Cell Placement per Global Clock: Region X1Y3
19. Clock Region Cell Placement per Global Clock: Region X0Y4
20. Clock Region Cell Placement per Global Clock: Region X1Y4

1. Clock Primitive Utilization
------------------------------

+----------+------+-----------+-----+--------------+--------+
| Type     | Used | Available | LOC | Clock Region | Pblock |
+----------+------+-----------+-----+--------------+--------+
| BUFGCTRL |    4 |        32 |   0 |            0 |      0 |
| BUFH     |    0 |       120 |   0 |            0 |      0 |
| BUFIO    |    0 |        40 |   0 |            0 |      0 |
| BUFMR    |    0 |        20 |   0 |            0 |      0 |
| BUFR     |    0 |        40 |   0 |            0 |      0 |
| MMCM     |    1 |        10 |   0 |            0 |      0 |
| PLL      |    0 |        10 |   0 |            0 |      0 |
+----------+------+-----------+-----+--------------+--------+


2. Global Clock Resources
-------------------------

+-----------+-----------+-----------------+------------+---------------+--------------+-------------------+-------------+-----------------+--------------+---------+-----------------------------------+---------------------------------+
| Global Id | Source Id | Driver Type/Pin | Constraint | Site          | Clock Region | Load Clock Region | Clock Loads | Non-Clock Loads | Clock Period | Clock   | Driver Pin                        | Net                             |
+-----------+-----------+-----------------+------------+---------------+--------------+-------------------+-------------+-----------------+--------------+---------+-----------------------------------+---------------------------------+
| g0        | src0      | BUFG/O          | None       | BUFGCTRL_X0Y0 | n/a          |                10 |      113778 |               0 |       10.000 | clkout0 | U_MMCM_BASE_50M/U_CLKOUT0_BUF/O   | U_MMCM_BASE_50M/signal_b_r1_reg |
| g1        | src0      | BUFG/O          | None       | BUFGCTRL_X0Y2 | n/a          |                 7 |        8390 |               1 |       20.000 | clkout1 | U_MMCM_BASE_50M/U_CLKOUT1_BUF/O   | U_MMCM_BASE_50M/Clk_out1        |
| g2        | src0      | BUFG/O          | None       | BUFGCTRL_X0Y3 | n/a          |                 1 |           1 |               0 |       10.000 | clkfb   | U_MMCM_BASE_50M/U_CLKF_BUF/O      | U_MMCM_BASE_50M/CLKFBIN         |
| g3        | src1      | BUFG/O          | None       | BUFGCTRL_X0Y1 | n/a          |                 9 |           0 |           37570 |          n/a | n/a     | U_MMCM_BASE_50M/clear_BUFG_inst/O | U_MMCM_BASE_50M/clear_BUFG      |
+-----------+-----------+-----------------+------------+---------------+--------------+-------------------+-------------+-----------------+--------------+---------+-----------------------------------+---------------------------------+
* Clock Loads column represents the clock pin loads (pin count)
** Non-Clock Loads column represents the non-clock pin loads (pin count)


3. Global Clock Source Details
------------------------------

+-----------+-----------+---------------------+------------+-----------------+--------------+-------------+-----------------+---------------------+--------------+----------------------------------------------+-------------------------+
| Source Id | Global Id | Driver Type/Pin     | Constraint | Site            | Clock Region | Clock Loads | Non-Clock Loads | Source Clock Period | Source Clock | Driver Pin                                   | Net                     |
+-----------+-----------+---------------------+------------+-----------------+--------------+-------------+-----------------+---------------------+--------------+----------------------------------------------+-------------------------+
| src0      | g2        | MMCME2_ADV/CLKFBOUT | None       | MMCME2_ADV_X1Y2 | X1Y2         |           1 |               0 |              10.000 | clkfb        | U_MMCM_BASE_50M/U_MMCME2_BASE/CLKFBOUT       | U_MMCM_BASE_50M/clkfb   |
| src0      | g0        | MMCME2_ADV/CLKOUT0  | None       | MMCME2_ADV_X1Y2 | X1Y2         |           1 |               0 |              10.000 | clkout0      | U_MMCM_BASE_50M/U_MMCME2_BASE/CLKOUT0        | U_MMCM_BASE_50M/clkout0 |
| src0      | g1        | MMCME2_ADV/CLKOUT1  | None       | MMCME2_ADV_X1Y2 | X1Y2         |           1 |               0 |              20.000 | clkout1      | U_MMCM_BASE_50M/U_MMCME2_BASE/CLKOUT1        | U_MMCM_BASE_50M/clkout1 |
| src1      | g3        | LUT1/O              | None       | SLICE_X84Y146   | X1Y2         |           1 |               0 |                     |              | U_MMCM_BASE_50M/dat_block_read[350][7]_i_2/O | U_MMCM_BASE_50M/clear   |
+-----------+-----------+---------------------+------------+-----------------+--------------+-------------+-----------------+---------------------+--------------+----------------------------------------------+-------------------------+
* Clock Loads column represents the clock pin loads (pin count)
** Non-Clock Loads column represents the non-clock pin loads (pin count)


4. Local Clock Details
----------------------

+----------+-----------------+------------+-------------------+--------------+-------------+-----------------+--------------+-------+------------------------+--------------+
| Local Id | Driver Type/Pin | Constraint | Site/BEL          | Clock Region | Clock Loads | Non-Clock Loads | Clock Period | Clock | Driver Pin             | Net          |
+----------+-----------------+------------+-------------------+--------------+-------------+-----------------+--------------+-------+------------------------+--------------||
| 0        | FDRE/Q          | None       | SLICE_X16Y240/AFF | X0Y4         |          14 |               1 |              |       | U_CLKDIV/Clk_out_reg/Q | U_CLKDIV/CLK - Static -
+----------+-----------------+------------+-------------------+--------------+-------------+-----------------+--------------+-------+------------------------+--------------||
* Local Clocks in this context represents only clocks driven by non-global buffers
** Clock Loads column represents the clock pin loads (pin count)
*** Non-Clock Loads column represents the non-clock pin loads (pin count)


5. Clock Regions: Key Resource Utilization
------------------------------------------

+-------------------+--------------+--------------+--------------+--------------+--------------+--------------+--------------+--------------+--------------+--------------+---------------+--------------+--------------+--------------+--------------+
|                   | Global Clock |     BUFRs    |    BUFMRs    |    BUFIOs    |     MMCM     |      PLL     |      GT      |      PCI     |    ILOGIC    |    OLOGIC    |       FF      |     LUTM     |    RAMB18    |    RAMB36    |    DSP48E2   |
+-------------------+------+-------+------+-------+------+-------+------+-------+------+-------+------+-------+------+-------+------+-------+------+-------+------+-------+-------+-------+------+-------+------+-------+------+-------+------+-------+
| Clock Region Name | Used | Avail | Used | Avail | Used | Avail | Used | Avail | Used | Avail | Used | Avail | Used | Avail | Used | Avail | Used | Avail | Used | Avail | Used  | Avail | Used | Avail | Used | Avail | Used | Avail | Used | Avail |
+-------------------+------+-------+------+-------+------+-------+------+-------+------+-------+------+-------+------+-------+------+-------+------+-------+------+-------+-------+-------+------+-------+------+-------+------+-------+------+-------+
| X0Y0              |    3 |    12 |    0 |     4 |    0 |     2 |    0 |     4 |    0 |     1 |    0 |     1 |    0 |     4 |    0 |     0 |    0 |    50 |    0 |    50 |  6012 |  2700 | 1938 |   800 |    0 |    60 |    3 |    30 |    0 |    60 |
| X1Y0              |    2 |    12 |    0 |     4 |    0 |     2 |    0 |     4 |    0 |     1 |    0 |     1 |    0 |     4 |    0 |     0 |    0 |    50 |    0 |    50 |  8278 |  2500 | 2699 |   800 |    0 |    40 |    0 |    20 |    0 |    40 |
| X0Y1              |    3 |    12 |    0 |     4 |    0 |     2 |    0 |     4 |    0 |     1 |    0 |     1 |    0 |     0 |    0 |     0 |    0 |    50 |    0 |    50 | 15499 |  4200 | 5334 |  1400 |    0 |   100 |    8 |    50 |    0 |   100 |
| X1Y1              |    3 |    12 |    0 |     4 |    0 |     2 |    0 |     4 |    0 |     1 |    0 |     1 |    0 |     0 |    0 |     0 |    0 |    50 |    0 |    50 | 16573 |  4000 | 5911 |  1400 |    0 |    80 |    6 |    40 |    0 |    80 |
| X0Y2              |    3 |    12 |    0 |     4 |    0 |     2 |    0 |     4 |    0 |     1 |    0 |     1 |    0 |     0 |    0 |     0 |    0 |    50 |    0 |    50 | 14207 |  3600 | 5786 |  1400 |    0 |   100 |    0 |    50 |    0 |   100 |
| X1Y2              |    3 |    12 |    0 |     4 |    0 |     2 |    0 |     4 |    1 |     1 |    0 |     1 |    0 |     0 |    0 |     0 |    0 |    50 |    0 |    50 | 16089 |  4000 | 5652 |  1400 |    0 |    80 |    1 |    40 |    0 |    80 |
| X0Y3              |    3 |    12 |    0 |     4 |    0 |     2 |    0 |     4 |    0 |     1 |    0 |     1 |    0 |     0 |    0 |     0 |    0 |    50 |    0 |    50 | 14354 |  3600 | 5714 |  1400 |    0 |   100 |    0 |    50 |    0 |   100 |
| X1Y3              |    2 |    12 |    0 |     4 |    0 |     2 |    0 |     4 |    0 |     1 |    0 |     1 |    0 |     0 |    0 |     0 |    0 |    50 |    0 |    50 | 14778 |  4000 | 5171 |  1400 |    0 |    80 |    0 |    40 |    0 |    80 |
| X0Y4              |    3 |    12 |    0 |     4 |    0 |     2 |    0 |     4 |    0 |     1 |    0 |     1 |    0 |     4 |    0 |     1 |    0 |    50 |    0 |    50 |  7647 |  2550 | 2394 |   750 |    0 |    50 |    0 |    25 |    0 |    60 |
| X1Y4              |    2 |    12 |    0 |     4 |    0 |     2 |    0 |     4 |    0 |     1 |    0 |     1 |    0 |     4 |    0 |     0 |    0 |    50 |    0 |    50 |  8707 |  2500 | 3126 |   800 |    0 |    40 |    0 |    20 |    0 |    40 |
+-------------------+------+-------+------+-------+------+-------+------+-------+------+-------+------+-------+------+-------+------+-------+------+-------+------+-------+-------+-------+------+-------+------+-------+------+-------+------+-------+
* Global Clock column represents track count; while other columns represents cell counts


6. Clock Regions : Global Clock Summary
---------------------------------------

All Modules
+----+----+----+
|    | X0 | X1 |
+----+----+----+
| Y4 |  3 |  2 |
| Y3 |  3 |  2 |
| Y2 |  3 |  3 |
| Y1 |  3 |  3 |
| Y0 |  3 |  2 |
+----+----+----+


7. Device Cell Placement Summary for Global Clock g0
----------------------------------------------------

+-----------+-----------------+-------------------+---------+-------------+---------------+-------------+----------+----------------+----------+---------------------------------+
| Global Id | Driver Type/Pin | Driver Region (D) | Clock   | Period (ns) | Waveform (ns) | Slice Loads | IO Loads | Clocking Loads | GT Loads | Net                             |
+-----------+-----------------+-------------------+---------+-------------+---------------+-------------+----------+----------------+----------+---------------------------------+
| g0        | BUFG/O          | n/a               | clkout0 |      10.000 | {0.000 5.000} |      113767 |        0 |              0 |        0 | U_MMCM_BASE_50M/signal_b_r1_reg |
+-----------+-----------------+-------------------+---------+-------------+---------------+-------------+----------+----------------+----------+---------------------------------+
* Logic Loads column represents load cell count of all cell types other than IO, GT and clock resources
** IO Loads column represents load cell count of IO types
*** Clocking Loads column represents load cell count that are clock resources (global clock buffer, MMCM, PLL, etc)
**** GT Loads column represents load cell count of GT types


+----+--------+--------+
|    | X0     | X1     |
+----+--------+--------+
| Y4 |   7157 |   8707 |
| Y3 |  14346 |  14778 |
| Y2 |  14206 |  16090 |
| Y1 |  11670 |  16560 |
| Y0 |   1984 |   8269 |
+----+--------+--------+


8. Device Cell Placement Summary for Global Clock g1
----------------------------------------------------

+-----------+-----------------+-------------------+---------+-------------+----------------+-------------+----------+----------------+----------+--------------------------+
| Global Id | Driver Type/Pin | Driver Region (D) | Clock   | Period (ns) | Waveform (ns)  | Slice Loads | IO Loads | Clocking Loads | GT Loads | Net                      |
+-----------+-----------------+-------------------+---------+-------------+----------------+-------------+----------+----------------+----------+--------------------------+
| g1        | BUFG/O          | n/a               | clkout1 |      20.000 | {0.000 10.000} |        8391 |        0 |              0 |        0 | U_MMCM_BASE_50M/Clk_out1 |
+-----------+-----------------+-------------------+---------+-------------+----------------+-------------+----------+----------------+----------+--------------------------+
* Logic Loads column represents load cell count of all cell types other than IO, GT and clock resources
** IO Loads column represents load cell count of IO types
*** Clocking Loads column represents load cell count that are clock resources (global clock buffer, MMCM, PLL, etc)
**** GT Loads column represents load cell count of GT types


+----+-------+----+
|    | X0    | X1 |
+----+-------+----+
| Y4 |   490 |  0 |
| Y3 |     9 |  0 |
| Y2 |     1 |  0 |
| Y1 |  3843 |  5 |
| Y0 |  4034 |  9 |
+----+-------+----+


9. Device Cell Placement Summary for Global Clock g2
----------------------------------------------------

+-----------+-----------------+-------------------+-------+-------------+---------------+-------------+----------+----------------+----------+-------------------------+
| Global Id | Driver Type/Pin | Driver Region (D) | Clock | Period (ns) | Waveform (ns) | Slice Loads | IO Loads | Clocking Loads | GT Loads | Net                     |
+-----------+-----------------+-------------------+-------+-------------+---------------+-------------+----------+----------------+----------+-------------------------+
| g2        | BUFG/O          | n/a               | clkfb |      10.000 | {0.000 5.000} |           0 |        0 |              1 |        0 | U_MMCM_BASE_50M/CLKFBIN |
+-----------+-----------------+-------------------+-------+-------------+---------------+-------------+----------+----------------+----------+-------------------------+
* Logic Loads column represents load cell count of all cell types other than IO, GT and clock resources
** IO Loads column represents load cell count of IO types
*** Clocking Loads column represents load cell count that are clock resources (global clock buffer, MMCM, PLL, etc)
**** GT Loads column represents load cell count of GT types


+----+----+----+
|    | X0 | X1 |
+----+----+----+
| Y4 |  0 |  0 |
| Y3 |  0 |  0 |
| Y2 |  0 |  1 |
| Y1 |  0 |  0 |
| Y0 |  0 |  0 |
+----+----+----+


10. Device Cell Placement Summary for Global Clock g3
-----------------------------------------------------

+-----------+-----------------+-------------------+-------+-------------+---------------+-------------+----------+----------------+----------+----------------------------+
| Global Id | Driver Type/Pin | Driver Region (D) | Clock | Period (ns) | Waveform (ns) | Slice Loads | IO Loads | Clocking Loads | GT Loads | Net                        |
+-----------+-----------------+-------------------+-------+-------------+---------------+-------------+----------+----------------+----------+----------------------------+
| g3        | BUFG/O          | n/a               |       |             |               |       37570 |        0 |              0 |        0 | U_MMCM_BASE_50M/clear_BUFG |
+-----------+-----------------+-------------------+-------+-------------+---------------+-------------+----------+----------------+----------+----------------------------+
* Logic Loads column represents load cell count of all cell types other than IO, GT and clock resources
** IO Loads column represents load cell count of IO types
*** Clocking Loads column represents load cell count that are clock resources (global clock buffer, MMCM, PLL, etc)
**** GT Loads column represents load cell count of GT types


+----+-------+-------+
|    | X0    | X1    |
+----+-------+-------+
| Y4 |  6284 |  8683 |
| Y3 |  3861 |  5430 |
| Y2 |  4488 |  2782 |
| Y1 |  3099 |    41 |
| Y0 |  2902 |     0 |
+----+-------+-------+


11. Clock Region Cell Placement per Global Clock: Region X0Y0
-------------------------------------------------------------

+-----------+-------+-----------------+------------+-------------+-----------------+------+--------+------+-----+----+------+-----+---------+---------------------------------+
| Global Id | Track | Driver Type/Pin | Constraint | Clock Loads | Non-Clock Loads | FF   | LUTRAM | RAMB | DSP | GT | MMCM | PLL | Hard IP | Net                             |
+-----------+-------+-----------------+------------+-------------+-----------------+------+--------+------+-----+----+------+-----+---------+---------------------------------+
| g0        | n/a   | BUFG/O          | None       |        1984 |               0 | 1981 |      0 |    3 |   0 |  0 |    0 |   0 |       0 | U_MMCM_BASE_50M/signal_b_r1_reg |
| g1        | n/a   | BUFG/O          | None       |        4034 |               0 | 4031 |      0 |    3 |   0 |  0 |    0 |   0 |       0 | U_MMCM_BASE_50M/Clk_out1        |
| g3        | n/a   | BUFG/O          | None       |           0 |            2902 | 2902 |      0 |    0 |   0 |  0 |    0 |   0 |       0 | U_MMCM_BASE_50M/clear_BUFG      |
+-----------+-------+-----------------+------------+-------------+-----------------+------+--------+------+-----+----+------+-----+---------+---------------------------------+
* Clock Loads column represents the clock pin loads (pin count)
** Non-Clock Loads column represents the non-clock pin loads (pin count)
*** Columns FF, LUTRAM, RAMB through 'Hard IP' represents load cell counts


12. Clock Region Cell Placement per Global Clock: Region X1Y0
-------------------------------------------------------------

+-----------+-------+-----------------+------------+-------------+-----------------+------+--------+------+-----+----+------+-----+---------+---------------------------------+
| Global Id | Track | Driver Type/Pin | Constraint | Clock Loads | Non-Clock Loads | FF   | LUTRAM | RAMB | DSP | GT | MMCM | PLL | Hard IP | Net                             |
+-----------+-------+-----------------+------------+-------------+-----------------+------+--------+------+-----+----+------+-----+---------+---------------------------------+
| g0        | n/a   | BUFG/O          | None       |        8269 |               0 | 8269 |      0 |    0 |   0 |  0 |    0 |   0 |       0 | U_MMCM_BASE_50M/signal_b_r1_reg |
| g1        | n/a   | BUFG/O          | None       |           9 |               0 |    9 |      0 |    0 |   0 |  0 |    0 |   0 |       0 | U_MMCM_BASE_50M/Clk_out1        |
+-----------+-------+-----------------+------------+-------------+-----------------+------+--------+------+-----+----+------+-----+---------+---------------------------------+
* Clock Loads column represents the clock pin loads (pin count)
** Non-Clock Loads column represents the non-clock pin loads (pin count)
*** Columns FF, LUTRAM, RAMB through 'Hard IP' represents load cell counts


13. Clock Region Cell Placement per Global Clock: Region X0Y1
-------------------------------------------------------------

+-----------+-------+-----------------+------------+-------------+-----------------+-------+--------+------+-----+----+------+-----+---------+---------------------------------+
| Global Id | Track | Driver Type/Pin | Constraint | Clock Loads | Non-Clock Loads | FF    | LUTRAM | RAMB | DSP | GT | MMCM | PLL | Hard IP | Net                             |
+-----------+-------+-----------------+------------+-------------+-----------------+-------+--------+------+-----+----+------+-----+---------+---------------------------------+
| g0        | n/a   | BUFG/O          | None       |       11670 |               0 | 11661 |      0 |    8 |   0 |  0 |    0 |   0 |       0 | U_MMCM_BASE_50M/signal_b_r1_reg |
| g1        | n/a   | BUFG/O          | None       |        3843 |               0 |  3838 |      0 |    4 |   0 |  0 |    0 |   0 |       0 | U_MMCM_BASE_50M/Clk_out1        |
| g3        | n/a   | BUFG/O          | None       |           0 |            3099 |  3099 |      0 |    0 |   0 |  0 |    0 |   0 |       0 | U_MMCM_BASE_50M/clear_BUFG      |
+-----------+-------+-----------------+------------+-------------+-----------------+-------+--------+------+-----+----+------+-----+---------+---------------------------------+
* Clock Loads column represents the clock pin loads (pin count)
** Non-Clock Loads column represents the non-clock pin loads (pin count)
*** Columns FF, LUTRAM, RAMB through 'Hard IP' represents load cell counts


14. Clock Region Cell Placement per Global Clock: Region X1Y1
-------------------------------------------------------------

+-----------+-------+-----------------+------------+-------------+-----------------+-------+--------+------+-----+----+------+-----+---------+---------------------------------+
| Global Id | Track | Driver Type/Pin | Constraint | Clock Loads | Non-Clock Loads | FF    | LUTRAM | RAMB | DSP | GT | MMCM | PLL | Hard IP | Net                             |
+-----------+-------+-----------------+------------+-------------+-----------------+-------+--------+------+-----+----+------+-----+---------+---------------------------------+
| g0        | n/a   | BUFG/O          | None       |       16560 |               0 | 16554 |      0 |    6 |   0 |  0 |    0 |   0 |       0 | U_MMCM_BASE_50M/signal_b_r1_reg |
| g1        | n/a   | BUFG/O          | None       |           5 |               0 |     5 |      0 |    0 |   0 |  0 |    0 |   0 |       0 | U_MMCM_BASE_50M/Clk_out1        |
| g3        | n/a   | BUFG/O          | None       |           0 |              41 |    41 |      0 |    0 |   0 |  0 |    0 |   0 |       0 | U_MMCM_BASE_50M/clear_BUFG      |
+-----------+-------+-----------------+------------+-------------+-----------------+-------+--------+------+-----+----+------+-----+---------+---------------------------------+
* Clock Loads column represents the clock pin loads (pin count)
** Non-Clock Loads column represents the non-clock pin loads (pin count)
*** Columns FF, LUTRAM, RAMB through 'Hard IP' represents load cell counts


15. Clock Region Cell Placement per Global Clock: Region X0Y2
-------------------------------------------------------------

+-----------+-------+-----------------+------------+-------------+-----------------+-------+--------+------+-----+----+------+-----+---------+---------------------------------+
| Global Id | Track | Driver Type/Pin | Constraint | Clock Loads | Non-Clock Loads | FF    | LUTRAM | RAMB | DSP | GT | MMCM | PLL | Hard IP | Net                             |
+-----------+-------+-----------------+------------+-------------+-----------------+-------+--------+------+-----+----+------+-----+---------+---------------------------------+
| g0        | n/a   | BUFG/O          | None       |       14206 |               0 | 14206 |      0 |    0 |   0 |  0 |    0 |   0 |       0 | U_MMCM_BASE_50M/signal_b_r1_reg |
| g1        | n/a   | BUFG/O          | None       |           1 |               0 |     1 |      0 |    0 |   0 |  0 |    0 |   0 |       0 | U_MMCM_BASE_50M/Clk_out1        |
| g3        | n/a   | BUFG/O          | None       |           0 |            4488 |  4488 |      0 |    0 |   0 |  0 |    0 |   0 |       0 | U_MMCM_BASE_50M/clear_BUFG      |
+-----------+-------+-----------------+------------+-------------+-----------------+-------+--------+------+-----+----+------+-----+---------+---------------------------------+
* Clock Loads column represents the clock pin loads (pin count)
** Non-Clock Loads column represents the non-clock pin loads (pin count)
*** Columns FF, LUTRAM, RAMB through 'Hard IP' represents load cell counts


16. Clock Region Cell Placement per Global Clock: Region X1Y2
-------------------------------------------------------------

+-----------+-------+-----------------+------------+-------------+-----------------+-------+--------+------+-----+----+------+-----+---------+---------------------------------+
| Global Id | Track | Driver Type/Pin | Constraint | Clock Loads | Non-Clock Loads | FF    | LUTRAM | RAMB | DSP | GT | MMCM | PLL | Hard IP | Net                             |
+-----------+-------+-----------------+------------+-------------+-----------------+-------+--------+------+-----+----+------+-----+---------+---------------------------------+
| g0        | n/a   | BUFG/O          | None       |       16090 |               0 | 16089 |      0 |    1 |   0 |  0 |    0 |   0 |       0 | U_MMCM_BASE_50M/signal_b_r1_reg |
| g2        | n/a   | BUFG/O          | None       |           1 |               0 |     0 |      0 |    0 |   0 |  0 |    1 |   0 |       0 | U_MMCM_BASE_50M/CLKFBIN         |
| g3        | n/a   | BUFG/O          | None       |           0 |            2782 |  2782 |      0 |    0 |   0 |  0 |    0 |   0 |       0 | U_MMCM_BASE_50M/clear_BUFG      |
+-----------+-------+-----------------+------------+-------------+-----------------+-------+--------+------+-----+----+------+-----+---------+---------------------------------+
* Clock Loads column represents the clock pin loads (pin count)
** Non-Clock Loads column represents the non-clock pin loads (pin count)
*** Columns FF, LUTRAM, RAMB through 'Hard IP' represents load cell counts


17. Clock Region Cell Placement per Global Clock: Region X0Y3
-------------------------------------------------------------

+-----------+-------+-----------------+------------+-------------+-----------------+-------+--------+------+-----+----+------+-----+---------+---------------------------------+
| Global Id | Track | Driver Type/Pin | Constraint | Clock Loads | Non-Clock Loads | FF    | LUTRAM | RAMB | DSP | GT | MMCM | PLL | Hard IP | Net                             |
+-----------+-------+-----------------+------------+-------------+-----------------+-------+--------+------+-----+----+------+-----+---------+---------------------------------+
| g0        | n/a   | BUFG/O          | None       |       14346 |               0 | 14346 |      0 |    0 |   0 |  0 |    0 |   0 |       0 | U_MMCM_BASE_50M/signal_b_r1_reg |
| g1        | n/a   | BUFG/O          | None       |           8 |               1 |     8 |      0 |    0 |   0 |  0 |    0 |   0 |       0 | U_MMCM_BASE_50M/Clk_out1        |
| g3        | n/a   | BUFG/O          | None       |           0 |            3861 |  3861 |      0 |    0 |   0 |  0 |    0 |   0 |       0 | U_MMCM_BASE_50M/clear_BUFG      |
+-----------+-------+-----------------+------------+-------------+-----------------+-------+--------+------+-----+----+------+-----+---------+---------------------------------+
* Clock Loads column represents the clock pin loads (pin count)
** Non-Clock Loads column represents the non-clock pin loads (pin count)
*** Columns FF, LUTRAM, RAMB through 'Hard IP' represents load cell counts


18. Clock Region Cell Placement per Global Clock: Region X1Y3
-------------------------------------------------------------

+-----------+-------+-----------------+------------+-------------+-----------------+-------+--------+------+-----+----+------+-----+---------+---------------------------------+
| Global Id | Track | Driver Type/Pin | Constraint | Clock Loads | Non-Clock Loads | FF    | LUTRAM | RAMB | DSP | GT | MMCM | PLL | Hard IP | Net                             |
+-----------+-------+-----------------+------------+-------------+-----------------+-------+--------+------+-----+----+------+-----+---------+---------------------------------+
| g0        | n/a   | BUFG/O          | None       |       14778 |               0 | 14778 |      0 |    0 |   0 |  0 |    0 |   0 |       0 | U_MMCM_BASE_50M/signal_b_r1_reg |
| g3        | n/a   | BUFG/O          | None       |           0 |            5430 |  5430 |      0 |    0 |   0 |  0 |    0 |   0 |       0 | U_MMCM_BASE_50M/clear_BUFG      |
+-----------+-------+-----------------+------------+-------------+-----------------+-------+--------+------+-----+----+------+-----+---------+---------------------------------+
* Clock Loads column represents the clock pin loads (pin count)
** Non-Clock Loads column represents the non-clock pin loads (pin count)
*** Columns FF, LUTRAM, RAMB through 'Hard IP' represents load cell counts


19. Clock Region Cell Placement per Global Clock: Region X0Y4
-------------------------------------------------------------

+-----------+-------+-----------------+------------+-------------+-----------------+------+--------+------+-----+----+------+-----+---------+---------------------------------+
| Global Id | Track | Driver Type/Pin | Constraint | Clock Loads | Non-Clock Loads | FF   | LUTRAM | RAMB | DSP | GT | MMCM | PLL | Hard IP | Net                             |
+-----------+-------+-----------------+------------+-------------+-----------------+------+--------+------+-----+----+------+-----+---------+---------------------------------+
| g0        | n/a   | BUFG/O          | None       |        7157 |               0 | 7157 |      0 |    0 |   0 |  0 |    0 |   0 |       0 | U_MMCM_BASE_50M/signal_b_r1_reg |
| g1        | n/a   | BUFG/O          | None       |         490 |               0 |  490 |      0 |    0 |   0 |  0 |    0 |   0 |       0 | U_MMCM_BASE_50M/Clk_out1        |
| g3        | n/a   | BUFG/O          | None       |           0 |            6284 | 6284 |      0 |    0 |   0 |  0 |    0 |   0 |       0 | U_MMCM_BASE_50M/clear_BUFG      |
+-----------+-------+-----------------+------------+-------------+-----------------+------+--------+------+-----+----+------+-----+---------+---------------------------------+
* Clock Loads column represents the clock pin loads (pin count)
** Non-Clock Loads column represents the non-clock pin loads (pin count)
*** Columns FF, LUTRAM, RAMB through 'Hard IP' represents load cell counts


20. Clock Region Cell Placement per Global Clock: Region X1Y4
-------------------------------------------------------------

+-----------+-------+-----------------+------------+-------------+-----------------+------+--------+------+-----+----+------+-----+---------+---------------------------------+
| Global Id | Track | Driver Type/Pin | Constraint | Clock Loads | Non-Clock Loads | FF   | LUTRAM | RAMB | DSP | GT | MMCM | PLL | Hard IP | Net                             |
+-----------+-------+-----------------+------------+-------------+-----------------+------+--------+------+-----+----+------+-----+---------+---------------------------------+
| g0        | n/a   | BUFG/O          | None       |        8707 |               0 | 8707 |      0 |    0 |   0 |  0 |    0 |   0 |       0 | U_MMCM_BASE_50M/signal_b_r1_reg |
| g3        | n/a   | BUFG/O          | None       |           0 |            8683 | 8683 |      0 |    0 |   0 |  0 |    0 |   0 |       0 | U_MMCM_BASE_50M/clear_BUFG      |
+-----------+-------+-----------------+------------+-------------+-----------------+------+--------+------+-----+----+------+-----+---------+---------------------------------+
* Clock Loads column represents the clock pin loads (pin count)
** Non-Clock Loads column represents the non-clock pin loads (pin count)
*** Columns FF, LUTRAM, RAMB through 'Hard IP' represents load cell counts



# Location of BUFG Primitives 
set_property LOC BUFGCTRL_X0Y0 [get_cells U_MMCM_BASE_50M/U_CLKOUT0_BUF]
set_property LOC BUFGCTRL_X0Y1 [get_cells U_MMCM_BASE_50M/clear_BUFG_inst]
set_property LOC BUFGCTRL_X0Y2 [get_cells U_MMCM_BASE_50M/U_CLKOUT1_BUF]
set_property LOC BUFGCTRL_X0Y3 [get_cells U_MMCM_BASE_50M/U_CLKF_BUF]

# Location of IO Primitives which is load of clock spine

# Location of clock ports
set_property LOC IOB_X1Y124 [get_ports Clk]

# Clock net "U_MMCM_BASE_50M/signal_b_r1_reg" driven by instance "U_MMCM_BASE_50M/U_CLKOUT0_BUF" located at site "BUFGCTRL_X0Y0"
#startgroup
create_pblock {CLKAG_U_MMCM_BASE_50M/signal_b_r1_reg}
add_cells_to_pblock [get_pblocks  {CLKAG_U_MMCM_BASE_50M/signal_b_r1_reg}] [get_cells -filter { PRIMITIVE_GROUP != I/O && IS_PRIMITIVE==1 && PRIMITIVE_LEVEL !=INTERNAL } -of_object [get_pins -filter {DIRECTION==IN} -of_objects [get_nets -hierarchical -filter {PARENT=="U_MMCM_BASE_50M/signal_b_r1_reg"}]]]
resize_pblock [get_pblocks {CLKAG_U_MMCM_BASE_50M/signal_b_r1_reg}] -add {CLOCKREGION_X0Y0:CLOCKREGION_X0Y0 CLOCKREGION_X0Y1:CLOCKREGION_X0Y1 CLOCKREGION_X0Y2:CLOCKREGION_X0Y2 CLOCKREGION_X0Y3:CLOCKREGION_X0Y3 CLOCKREGION_X0Y4:CLOCKREGION_X0Y4 CLOCKREGION_X1Y0:CLOCKREGION_X1Y0 CLOCKREGION_X1Y1:CLOCKREGION_X1Y1 CLOCKREGION_X1Y2:CLOCKREGION_X1Y2 CLOCKREGION_X1Y3:CLOCKREGION_X1Y3 CLOCKREGION_X1Y4:CLOCKREGION_X1Y4}
#endgroup

# Clock net "U_MMCM_BASE_50M/clear_BUFG" driven by instance "U_MMCM_BASE_50M/clear_BUFG_inst" located at site "BUFGCTRL_X0Y1"
#startgroup
create_pblock {CLKAG_U_MMCM_BASE_50M/clear_BUFG}
add_cells_to_pblock [get_pblocks  {CLKAG_U_MMCM_BASE_50M/clear_BUFG}] [get_cells -filter { PRIMITIVE_GROUP != I/O && IS_PRIMITIVE==1 && PRIMITIVE_LEVEL !=INTERNAL } -of_object [get_pins -filter {DIRECTION==IN} -of_objects [get_nets -hierarchical -filter {PARENT=="U_MMCM_BASE_50M/clear_BUFG"}]]]
resize_pblock [get_pblocks {CLKAG_U_MMCM_BASE_50M/clear_BUFG}] -add {CLOCKREGION_X0Y0:CLOCKREGION_X0Y0 CLOCKREGION_X0Y1:CLOCKREGION_X0Y1 CLOCKREGION_X0Y2:CLOCKREGION_X0Y2 CLOCKREGION_X0Y3:CLOCKREGION_X0Y3 CLOCKREGION_X0Y4:CLOCKREGION_X0Y4 CLOCKREGION_X1Y1:CLOCKREGION_X1Y1 CLOCKREGION_X1Y2:CLOCKREGION_X1Y2 CLOCKREGION_X1Y3:CLOCKREGION_X1Y3 CLOCKREGION_X1Y4:CLOCKREGION_X1Y4}
#endgroup

# Clock net "U_MMCM_BASE_50M/Clk_out1" driven by instance "U_MMCM_BASE_50M/U_CLKOUT1_BUF" located at site "BUFGCTRL_X0Y2"
#startgroup
create_pblock {CLKAG_U_MMCM_BASE_50M/Clk_out1}
add_cells_to_pblock [get_pblocks  {CLKAG_U_MMCM_BASE_50M/Clk_out1}] [get_cells -filter { PRIMITIVE_GROUP != I/O && IS_PRIMITIVE==1 && PRIMITIVE_LEVEL !=INTERNAL } -of_object [get_pins -filter {DIRECTION==IN} -of_objects [get_nets -hierarchical -filter {PARENT=="U_MMCM_BASE_50M/Clk_out1"}]]]
resize_pblock [get_pblocks {CLKAG_U_MMCM_BASE_50M/Clk_out1}] -add {CLOCKREGION_X0Y0:CLOCKREGION_X0Y0 CLOCKREGION_X0Y1:CLOCKREGION_X0Y1 CLOCKREGION_X0Y2:CLOCKREGION_X0Y2 CLOCKREGION_X0Y3:CLOCKREGION_X0Y3 CLOCKREGION_X0Y4:CLOCKREGION_X0Y4 CLOCKREGION_X1Y0:CLOCKREGION_X1Y0 CLOCKREGION_X1Y1:CLOCKREGION_X1Y1}
#endgroup
