Exception at PC 0x000007FEFD23A06D
Exception at PC 0x000007FEFD23A06D
Exception at PC 0x000007FEFD23A06D
Exception at PC 0x000007FEFD23A06D
Exception at PC 0x000007FEFD23A06D
Exception at PC 0x000007FEFD23A06D
Exception at PC 0x000007FEB966BB93
Printing stacktrace...

Unable to capture context for thread 34856 in process 35784, can not generate back trace
Exception at PC 0x000007FEFD23A06D
Exception at PC 0x000007FEFD23A06D
Exception at PC 0x000007FEFD23A06D
Exception at PC 0x000007FEFD23A06D
Exception at PC 0x000007FEFD23A06D
Exception at PC 0x000007FEFD23A06D
Exception at PC 0x000007FEFD23A06D
Exception at PC 0x000007FEFD23A06D
Exception at PC 0x000007FEFD23A06D
Exception at PC 0x000007FEFD23A06D
Exception at PC 0x000007FEFD23A06D
Exception at PC 0x000007FEFD23A06D
[0]  [0x000007FEB966BB93]
[1]  [0x000007FEB966BB93]
[2]  [0x000007FEB966B4A1]
[3]  [0x000007FEB966B3EF]
[4]  [0x000007FEB96519FE]
[5]  [0x000007FEB9650ED1]
[6]  [0x000007FEB9650D76]
[7]  [0x000007FEB95F79F6]
[8]  [0x000007FEB95E7AFB]
[9]  [0x000007FEB970E90A]
[10]  [0x000007FEB9729F87]
[11]  [0x000007FEB972A05F]
[12] (BaseThreadInitThunk+0xd) [0x00000000770D59CD]
[13] (RtlUserThreadStart+0x21) [0x000000007720A561]
Done
Exception at PC 0x000007FEB9371A52
Attemped to write at address 0x000007FEEAE59BA4
Printing stacktrace...

[0]  [0x000007FEB9371A52]
[1]  [0x000007FEB9371A52]
[2]  [0x000007FEB9371AD4]
[3]  [0x000007FEB94B3FF7]
[4]  [0x000007FEB9399128]
[5]  [0x000007FEB964DFB9]
[6]  [0x000007FEB981EF23]
[7]  [0x000007FEB972B06B]
[8]  [0x000007FEB97208AF]
[9]  [0x000007FEB9720A32]
[10] (LdrShutdownProcess+0x1d1) [0x0000000077202AC1]
[11] (RtlExitUserProcess+0x90) [0x00000000772028D0]
[12] (wcstoui64+0x2fa) [0x000007FEFE2B99E2]
[13]  [0x00000000004014CD]
[14]  [0x000000000040151B]
[15] (BaseThreadInitThunk+0xd) [0x00000000770D59CD]
[16] (RtlUserThreadStart+0x21) [0x000000007720A561]
Done
