Vivado Simulator 2017.1
Copyright 1986-1999, 2001-2016 Xilinx, Inc. All Rights Reserved.
Running: C:/Xilinx/Vivado/2017.1/bin/unwrapped/win64.o/xelab.exe -wto 5600bfe3825145c0b9a191f8bb43f8cc --debug typical --relax --mt 2 -L xil_defaultlib -L secureip -L xpm --snapshot TB_WIFI_DECRYPT_behav xil_defaultlib.TB_WIFI_DECRYPT -log elaborate.log 
Using 2 slave threads.
Starting static elaboration
Completed static elaboration
Starting simulation data flow analysis
Completed simulation data flow analysis
Time Resolution for simulation is 1ps
Compiling package std.standard
Compiling package std.textio
Compiling package ieee.std_logic_1164
Compiling package ieee.std_logic_arith
Compiling package ieee.std_logic_unsigned
Compiling package ieee.numeric_std
Compiling package ieee.std_logic_textio
Compiling package xil_defaultlib.sha1_pkt
Compiling package xil_defaultlib.de0_nano_const_pkg
Compiling package xil_defaultlib.sd_const_pkg
Compiling package unisim.vcomponents
Compiling package ieee.vital_timing
Compiling package ieee.vital_primitives
Compiling package unisim.vpkg
Compiling package ieee.std_logic_signed
Compiling architecture count_bin_a of entity xil_defaultlib.count_bin [\count_bin(bits=32)\]
Compiling architecture sd_v3_a of entity xil_defaultlib.sd_virtual [sd_virtual_default]
Compiling architecture behavor of entity xil_defaultlib.SYNC_PULSE [sync_pulse_default]
Compiling architecture gnd_v of entity unisim.GND [gnd_default]
Compiling architecture vcc_v of entity unisim.VCC [vcc_default]
Compiling architecture lut4_v of entity unisim.LUT4 [\LUT4(init="0110100110010110")(0...]
Compiling architecture lut3_v of entity unisim.LUT3 [\LUT3(init="10010110")(0,7)\]
Compiling architecture lut5_v of entity unisim.LUT5 [\LUT5(init="10010110011010010110...]
Compiling architecture lut4_v of entity unisim.LUT4 [\LUT4(init="1001000000001001")(0...]
Compiling architecture lut5_v of entity unisim.LUT5 [\LUT5(init="00000000000000001000...]
Compiling architecture lut6_v of entity unisim.LUT6 [\LUT6(init="10010000000010010000...]
Compiling architecture fdce_v of entity unisim.FDCE [fdce_default]
Compiling architecture structure of entity xil_defaultlib.\key_fifo_synchronizer_ff__parameterized0\ [\key_fifo_synchronizer_ff__param...]
Compiling architecture structure of entity xil_defaultlib.\key_fifo_synchronizer_ff__parameterized0_3\ [\key_fifo_synchronizer_ff__param...]
Compiling architecture lut2_v of entity unisim.LUT2 [\LUT2(init="0110")(0,3)\]
Compiling architecture structure of entity xil_defaultlib.\key_fifo_synchronizer_ff__parameterized0_4\ [\key_fifo_synchronizer_ff__param...]
Compiling architecture structure of entity xil_defaultlib.\key_fifo_synchronizer_ff__parameterized0_5\ [\key_fifo_synchronizer_ff__param...]
Compiling architecture structure of entity xil_defaultlib.key_fifo_clk_x_pntrs [key_fifo_clk_x_pntrs_default]
Compiling architecture lut3_v of entity unisim.LUT3 [\LUT3(init="11110100")(0,7)\]
Compiling architecture fdpe_v of entity unisim.FDPE [fdpe_default]
Compiling architecture lut2_v of entity unisim.LUT2 [\LUT2(init="0010")(0,3)\]
Compiling architecture structure of entity xil_defaultlib.key_fifo_rd_status_flags_as [key_fifo_rd_status_flags_as_defa...]
Compiling architecture structure of entity xil_defaultlib.key_fifo_rd_handshaking_flags [key_fifo_rd_handshaking_flags_de...]
Compiling architecture lut6_v of entity unisim.LUT6 [\LUT6(init="10111011101110111011...]
Compiling architecture lut6_v of entity unisim.LUT6 [\LUT6(init="01000000000001000000...]
Compiling architecture lut1_v of entity unisim.LUT1 [\LUT1(init="0001")(0,3)\]
Compiling architecture lut3_v of entity unisim.LUT3 [\LUT3(init="01111000")(0,7)\]
Compiling architecture lut4_v of entity unisim.LUT4 [\LUT4(init="0111111110000000")(0...]
Compiling architecture lut5_v of entity unisim.LUT5 [\LUT5(init="01111111111111111000...]
Compiling architecture lut6_v of entity unisim.LUT6 [\LUT6(init="11111111111111111111...]
Compiling architecture lut6_v of entity unisim.LUT6 [\LUT6(init="10010000000010010000...]
Compiling architecture structure of entity xil_defaultlib.key_fifo_rd_bin_cntr [key_fifo_rd_bin_cntr_default]
Compiling architecture structure of entity xil_defaultlib.key_fifo_rd_logic [key_fifo_rd_logic_default]
Compiling architecture lut6_v of entity unisim.LUT6 [\LUT6(init="10111011101110111011...]
Compiling architecture structure of entity xil_defaultlib.key_fifo_wr_status_flags_as [key_fifo_wr_status_flags_as_defa...]
Compiling architecture lut5_v of entity unisim.LUT5 [\LUT5(init="10000010000000000000...]
Compiling architecture lut6_v of entity unisim.LUT6 [\LUT6(init="11101011101010101010...]
Compiling architecture lut6_v of entity unisim.LUT6 [\LUT6(init="10000010000000000000...]
Compiling architecture structure of entity xil_defaultlib.key_fifo_wr_bin_cntr [key_fifo_wr_bin_cntr_default]
Compiling architecture structure of entity xil_defaultlib.key_fifo_wr_logic [key_fifo_wr_logic_default]
Compiling architecture rb18_internal_vhdl_v of entity unisim.RB18_INTERNAL_VHDL [\RB18_INTERNAL_VHDL(bram_size=18...]
Compiling architecture ramb18e1_v of entity unisim.RAMB18E1 [\RAMB18E1(ram_mode="SDP",read_wi...]
Compiling architecture structure of entity xil_defaultlib.key_fifo_blk_mem_gen_prim_wrapper [key_fifo_blk_mem_gen_prim_wrappe...]
Compiling architecture structure of entity xil_defaultlib.key_fifo_blk_mem_gen_prim_width [key_fifo_blk_mem_gen_prim_width_...]
Compiling architecture rb36_internal_vhdl_v of entity unisim.RB36_INTERNAL_VHDL [\RB36_INTERNAL_VHDL(ram_mode="SD...]
Compiling architecture ramb36e1_v of entity unisim.RAMB36E1 [\RAMB36E1(ram_mode="SDP",read_wi...]
Compiling architecture structure of entity xil_defaultlib.\key_fifo_blk_mem_gen_prim_wrapper__parameterized0\ [\key_fifo_blk_mem_gen_prim_wrapp...]
Compiling architecture structure of entity xil_defaultlib.\key_fifo_blk_mem_gen_prim_width__parameterized0\ [\key_fifo_blk_mem_gen_prim_width...]
Compiling architecture structure of entity xil_defaultlib.\key_fifo_blk_mem_gen_prim_wrapper__parameterized1\ [\key_fifo_blk_mem_gen_prim_wrapp...]
Compiling architecture structure of entity xil_defaultlib.\key_fifo_blk_mem_gen_prim_width__parameterized1\ [\key_fifo_blk_mem_gen_prim_width...]
Compiling architecture structure of entity xil_defaultlib.\key_fifo_blk_mem_gen_prim_wrapper__parameterized2\ [\key_fifo_blk_mem_gen_prim_wrapp...]
Compiling architecture structure of entity xil_defaultlib.\key_fifo_blk_mem_gen_prim_width__parameterized2\ [\key_fifo_blk_mem_gen_prim_width...]
Compiling architecture structure of entity xil_defaultlib.\key_fifo_blk_mem_gen_prim_wrapper__parameterized3\ [\key_fifo_blk_mem_gen_prim_wrapp...]
Compiling architecture structure of entity xil_defaultlib.\key_fifo_blk_mem_gen_prim_width__parameterized3\ [\key_fifo_blk_mem_gen_prim_width...]
Compiling architecture structure of entity xil_defaultlib.\key_fifo_blk_mem_gen_prim_wrapper__parameterized4\ [\key_fifo_blk_mem_gen_prim_wrapp...]
Compiling architecture structure of entity xil_defaultlib.\key_fifo_blk_mem_gen_prim_width__parameterized4\ [\key_fifo_blk_mem_gen_prim_width...]
Compiling architecture structure of entity xil_defaultlib.\key_fifo_blk_mem_gen_prim_wrapper__parameterized5\ [\key_fifo_blk_mem_gen_prim_wrapp...]
Compiling architecture structure of entity xil_defaultlib.\key_fifo_blk_mem_gen_prim_width__parameterized5\ [\key_fifo_blk_mem_gen_prim_width...]
Compiling architecture structure of entity xil_defaultlib.\key_fifo_blk_mem_gen_prim_wrapper__parameterized6\ [\key_fifo_blk_mem_gen_prim_wrapp...]
Compiling architecture structure of entity xil_defaultlib.\key_fifo_blk_mem_gen_prim_width__parameterized6\ [\key_fifo_blk_mem_gen_prim_width...]
Compiling architecture structure of entity xil_defaultlib.key_fifo_blk_mem_gen_generic_cstr [key_fifo_blk_mem_gen_generic_cst...]
Compiling architecture structure of entity xil_defaultlib.key_fifo_blk_mem_gen_top [key_fifo_blk_mem_gen_top_default]
Compiling architecture structure of entity xil_defaultlib.key_fifo_blk_mem_gen_v8_3_6_synth [key_fifo_blk_mem_gen_v8_3_6_synt...]
Compiling architecture structure of entity xil_defaultlib.key_fifo_blk_mem_gen_v8_3_6 [key_fifo_blk_mem_gen_v8_3_6_defa...]
Compiling architecture structure of entity xil_defaultlib.key_fifo_memory [key_fifo_memory_default]
Compiling architecture fdre_v of entity unisim.FDRE [fdre_default]
Compiling architecture structure of entity xil_defaultlib.key_fifo_synchronizer_ff [key_fifo_synchronizer_ff_default]
Compiling architecture structure of entity xil_defaultlib.key_fifo_synchronizer_ff_0 [key_fifo_synchronizer_ff_0_defau...]
Compiling architecture structure of entity xil_defaultlib.key_fifo_synchronizer_ff_1 [key_fifo_synchronizer_ff_1_defau...]
Compiling architecture structure of entity xil_defaultlib.key_fifo_synchronizer_ff_2 [key_fifo_synchronizer_ff_2_defau...]
Compiling architecture fdpe_v of entity unisim.FDPE [\FDPE(init='0')\]
Compiling architecture structure of entity xil_defaultlib.key_fifo_reset_blk_ramfifo [key_fifo_reset_blk_ramfifo_defau...]
Compiling architecture structure of entity xil_defaultlib.key_fifo_fifo_generator_ramfifo [key_fifo_fifo_generator_ramfifo_...]
Compiling architecture structure of entity xil_defaultlib.key_fifo_fifo_generator_top [key_fifo_fifo_generator_top_defa...]
Compiling architecture structure of entity xil_defaultlib.key_fifo_fifo_generator_v13_1_4_synth [key_fifo_fifo_generator_v13_1_4_...]
Compiling architecture structure of entity xil_defaultlib.key_fifo_fifo_generator_v13_1_4 [key_fifo_fifo_generator_v13_1_4_...]
Compiling architecture structure of entity xil_defaultlib.key_fifo [key_fifo_default]
Compiling architecture behavor of entity xil_defaultlib.KEY_SCHEDULE [key_schedule_default]
Compiling architecture behavior of entity xil_defaultlib.SHA1_IBUFFER [sha1_ibuffer_default]
Compiling architecture behavior of entity xil_defaultlib.SHA1_SCHEDULE [sha1_schedule_default]
Compiling architecture behavior of entity xil_defaultlib.SHA1_CALC [sha1_calc_default]
Compiling architecture behavior of entity xil_defaultlib.SHA1_CORE [sha1_core_default]
Compiling architecture behavior of entity xil_defaultlib.HMAC_SHA1_VECTOR [\HMAC_SHA1_VECTOR(items=1)\]
Compiling architecture behavior of entity xil_defaultlib.PBKDF2_SHA1_F [pbkdf2_sha1_f_default]
Compiling architecture behavior of entity xil_defaultlib.PBKDF2_SHA1 [pbkdf2_sha1_default]
Compiling architecture behavor of entity xil_defaultlib.PMK_PUT_TO_FIFO [pmk_put_to_fifo_default]
Compiling architecture structure of entity xil_defaultlib.pmk_fifo_rd_handshaking_flags [pmk_fifo_rd_handshaking_flags_de...]
Compiling architecture lut3_v of entity unisim.LUT3 [\LUT3(init="10111010")(0,7)\]
Compiling architecture fdse_v of entity unisim.FDSE [fdse_default]
Compiling architecture structure of entity xil_defaultlib.pmk_fifo_rd_status_flags_ss [pmk_fifo_rd_status_flags_ss_defa...]
Compiling architecture structure of entity xil_defaultlib.pmk_fifo_rd_bin_cntr [pmk_fifo_rd_bin_cntr_default]
Compiling architecture structure of entity xil_defaultlib.pmk_fifo_rd_logic [pmk_fifo_rd_logic_default]
Compiling architecture lut1_v of entity unisim.LUT1 [\LUT1(init="0010")(0,3)\]
Compiling architecture structure of entity xil_defaultlib.pmk_fifo_wr_status_flags_ss [pmk_fifo_wr_status_flags_ss_defa...]
Compiling architecture lut6_v of entity unisim.LUT6 [\LUT6(init="00110000111111111111...]
Compiling architecture lut5_v of entity unisim.LUT5 [\LUT5(init="00000000000000001001...]
Compiling architecture lut4_v of entity unisim.LUT4 [\LUT4(init="0110111111110110")(0...]
Compiling architecture lut6_v of entity unisim.LUT6 [\LUT6(init="11111111110011111111...]
Compiling architecture lut6_v of entity unisim.LUT6 [\LUT6(init="11111111000011111111...]
Compiling architecture structure of entity xil_defaultlib.pmk_fifo_wr_bin_cntr [pmk_fifo_wr_bin_cntr_default]
Compiling architecture structure of entity xil_defaultlib.pmk_fifo_wr_logic [pmk_fifo_wr_logic_default]
Compiling architecture rb36_internal_vhdl_v of entity unisim.RB36_INTERNAL_VHDL [\RB36_INTERNAL_VHDL(ram_mode="SD...]
Compiling architecture ramb36e1_v of entity unisim.RAMB36E1 [\RAMB36E1(ram_mode="SDP",read_wi...]
Compiling architecture structure of entity xil_defaultlib.pmk_fifo_blk_mem_gen_prim_wrapper [pmk_fifo_blk_mem_gen_prim_wrappe...]
Compiling architecture structure of entity xil_defaultlib.pmk_fifo_blk_mem_gen_prim_width [pmk_fifo_blk_mem_gen_prim_width_...]
Compiling architecture structure of entity xil_defaultlib.\pmk_fifo_blk_mem_gen_prim_wrapper__parameterized9\ [\pmk_fifo_blk_mem_gen_prim_wrapp...]
Compiling architecture structure of entity xil_defaultlib.\pmk_fifo_blk_mem_gen_prim_width__parameterized9\ [\pmk_fifo_blk_mem_gen_prim_width...]
Compiling architecture structure of entity xil_defaultlib.\pmk_fifo_blk_mem_gen_prim_wrapper__parameterized0\ [\pmk_fifo_blk_mem_gen_prim_wrapp...]
Compiling architecture structure of entity xil_defaultlib.\pmk_fifo_blk_mem_gen_prim_width__parameterized0\ [\pmk_fifo_blk_mem_gen_prim_width...]
Compiling architecture structure of entity xil_defaultlib.\pmk_fifo_blk_mem_gen_prim_wrapper__parameterized1\ [\pmk_fifo_blk_mem_gen_prim_wrapp...]
Compiling architecture structure of entity xil_defaultlib.\pmk_fifo_blk_mem_gen_prim_width__parameterized1\ [\pmk_fifo_blk_mem_gen_prim_width...]
Compiling architecture structure of entity xil_defaultlib.\pmk_fifo_blk_mem_gen_prim_wrapper__parameterized2\ [\pmk_fifo_blk_mem_gen_prim_wrapp...]
Compiling architecture structure of entity xil_defaultlib.\pmk_fifo_blk_mem_gen_prim_width__parameterized2\ [\pmk_fifo_blk_mem_gen_prim_width...]
Compiling architecture structure of entity xil_defaultlib.\pmk_fifo_blk_mem_gen_prim_wrapper__parameterized3\ [\pmk_fifo_blk_mem_gen_prim_wrapp...]
Compiling architecture structure of entity xil_defaultlib.\pmk_fifo_blk_mem_gen_prim_width__parameterized3\ [\pmk_fifo_blk_mem_gen_prim_width...]
Compiling architecture structure of entity xil_defaultlib.\pmk_fifo_blk_mem_gen_prim_wrapper__parameterized4\ [\pmk_fifo_blk_mem_gen_prim_wrapp...]
Compiling architecture structure of entity xil_defaultlib.\pmk_fifo_blk_mem_gen_prim_width__parameterized4\ [\pmk_fifo_blk_mem_gen_prim_width...]
Compiling architecture structure of entity xil_defaultlib.\pmk_fifo_blk_mem_gen_prim_wrapper__parameterized5\ [\pmk_fifo_blk_mem_gen_prim_wrapp...]
Compiling architecture structure of entity xil_defaultlib.\pmk_fifo_blk_mem_gen_prim_width__parameterized5\ [\pmk_fifo_blk_mem_gen_prim_width...]
Compiling architecture structure of entity xil_defaultlib.\pmk_fifo_blk_mem_gen_prim_wrapper__parameterized6\ [\pmk_fifo_blk_mem_gen_prim_wrapp...]
Compiling architecture structure of entity xil_defaultlib.\pmk_fifo_blk_mem_gen_prim_width__parameterized6\ [\pmk_fifo_blk_mem_gen_prim_width...]
Compiling architecture structure of entity xil_defaultlib.\pmk_fifo_blk_mem_gen_prim_wrapper__parameterized7\ [\pmk_fifo_blk_mem_gen_prim_wrapp...]
Compiling architecture structure of entity xil_defaultlib.\pmk_fifo_blk_mem_gen_prim_width__parameterized7\ [\pmk_fifo_blk_mem_gen_prim_width...]
Compiling architecture structure of entity xil_defaultlib.\pmk_fifo_blk_mem_gen_prim_wrapper__parameterized8\ [\pmk_fifo_blk_mem_gen_prim_wrapp...]
Compiling architecture structure of entity xil_defaultlib.\pmk_fifo_blk_mem_gen_prim_width__parameterized8\ [\pmk_fifo_blk_mem_gen_prim_width...]
Compiling architecture structure of entity xil_defaultlib.pmk_fifo_blk_mem_gen_generic_cstr [pmk_fifo_blk_mem_gen_generic_cst...]
Compiling architecture structure of entity xil_defaultlib.pmk_fifo_blk_mem_gen_top [pmk_fifo_blk_mem_gen_top_default]
Compiling architecture structure of entity xil_defaultlib.pmk_fifo_blk_mem_gen_v8_3_6_synth [pmk_fifo_blk_mem_gen_v8_3_6_synt...]
Compiling architecture structure of entity xil_defaultlib.pmk_fifo_blk_mem_gen_v8_3_6 [pmk_fifo_blk_mem_gen_v8_3_6_defa...]
Compiling architecture structure of entity xil_defaultlib.pmk_fifo_memory [pmk_fifo_memory_default]
Compiling architecture structure of entity xil_defaultlib.pmk_fifo_fifo_generator_ramfifo [pmk_fifo_fifo_generator_ramfifo_...]
Compiling architecture structure of entity xil_defaultlib.pmk_fifo_fifo_generator_top [pmk_fifo_fifo_generator_top_defa...]
Compiling architecture structure of entity xil_defaultlib.pmk_fifo_fifo_generator_v13_1_4_synth [pmk_fifo_fifo_generator_v13_1_4_...]
Compiling architecture structure of entity xil_defaultlib.pmk_fifo_fifo_generator_v13_1_4 [pmk_fifo_fifo_generator_v13_1_4_...]
Compiling architecture structure of entity xil_defaultlib.pmk_fifo [pmk_fifo_default]
Compiling architecture behavor of entity xil_defaultlib.PMK_GET_FROM_FIFO [pmk_get_from_fifo_default]
Compiling architecture behavior of entity xil_defaultlib.HMAC_SHA1_VECTOR [\HMAC_SHA1_VECTOR(items=2)\]
Compiling architecture behavor of entity xil_defaultlib.PMK_VERIFY [pmk_verify_default]
Compiling architecture behavior of entity xil_defaultlib.CLKDIV [clkdiv_default]
Compiling architecture behavior of entity xil_defaultlib.UART_TX [uart_tx_default]
Compiling architecture behavior of entity xil_defaultlib.WIFI_DECRYPT [wifi_decrypt_default]
Compiling architecture behavior of entity xil_defaultlib.tb_wifi_decrypt
Built simulation snapshot TB_WIFI_DECRYPT_behav
