INFO: [VRFC 10-163] Analyzing VHDL file "D:/workdir/vivado_project/wifi_decrypt/wifi_decrypt/wifi_decrypt.srcs/sources_1/ip/pmk_fifo/pmk_fifo_sim_netlist.vhdl" into library xil_defaultlib
INFO: [VRFC 10-307] analyzing entity pmk_fifo_blk_mem_gen_prim_wrapper
INFO: [VRFC 10-307] analyzing entity \pmk_fifo_blk_mem_gen_prim_wrapper__parameterized0\
INFO: [VRFC 10-307] analyzing entity \pmk_fifo_blk_mem_gen_prim_wrapper__parameterized1\
INFO: [VRFC 10-307] analyzing entity \pmk_fifo_blk_mem_gen_prim_wrapper__parameterized2\
INFO: [VRFC 10-307] analyzing entity \pmk_fifo_blk_mem_gen_prim_wrapper__parameterized3\
INFO: [VRFC 10-307] analyzing entity \pmk_fifo_blk_mem_gen_prim_wrapper__parameterized4\
INFO: [VRFC 10-307] analyzing entity \pmk_fifo_blk_mem_gen_prim_wrapper__parameterized5\
INFO: [VRFC 10-307] analyzing entity \pmk_fifo_blk_mem_gen_prim_wrapper__parameterized6\
INFO: [VRFC 10-307] analyzing entity \pmk_fifo_blk_mem_gen_prim_wrapper__parameterized7\
INFO: [VRFC 10-307] analyzing entity \pmk_fifo_blk_mem_gen_prim_wrapper__parameterized8\
INFO: [VRFC 10-307] analyzing entity \pmk_fifo_blk_mem_gen_prim_wrapper__parameterized9\
INFO: [VRFC 10-307] analyzing entity pmk_fifo_rd_bin_cntr
INFO: [VRFC 10-307] analyzing entity pmk_fifo_rd_handshaking_flags
INFO: [VRFC 10-307] analyzing entity pmk_fifo_rd_status_flags_ss
INFO: [VRFC 10-307] analyzing entity pmk_fifo_wr_bin_cntr
INFO: [VRFC 10-307] analyzing entity pmk_fifo_wr_status_flags_ss
INFO: [VRFC 10-307] analyzing entity pmk_fifo_blk_mem_gen_prim_width
INFO: [VRFC 10-307] analyzing entity \pmk_fifo_blk_mem_gen_prim_width__parameterized0\
INFO: [VRFC 10-307] analyzing entity \pmk_fifo_blk_mem_gen_prim_width__parameterized1\
INFO: [VRFC 10-307] analyzing entity \pmk_fifo_blk_mem_gen_prim_width__parameterized2\
INFO: [VRFC 10-307] analyzing entity \pmk_fifo_blk_mem_gen_prim_width__parameterized3\
INFO: [VRFC 10-307] analyzing entity \pmk_fifo_blk_mem_gen_prim_width__parameterized4\
INFO: [VRFC 10-307] analyzing entity \pmk_fifo_blk_mem_gen_prim_width__parameterized5\
INFO: [VRFC 10-307] analyzing entity \pmk_fifo_blk_mem_gen_prim_width__parameterized6\
INFO: [VRFC 10-307] analyzing entity \pmk_fifo_blk_mem_gen_prim_width__parameterized7\
INFO: [VRFC 10-307] analyzing entity \pmk_fifo_blk_mem_gen_prim_width__parameterized8\
INFO: [VRFC 10-307] analyzing entity \pmk_fifo_blk_mem_gen_prim_width__parameterized9\
INFO: [VRFC 10-307] analyzing entity pmk_fifo_rd_logic
INFO: [VRFC 10-307] analyzing entity pmk_fifo_wr_logic
INFO: [VRFC 10-307] analyzing entity pmk_fifo_blk_mem_gen_generic_cstr
INFO: [VRFC 10-307] analyzing entity pmk_fifo_blk_mem_gen_top
INFO: [VRFC 10-307] analyzing entity pmk_fifo_blk_mem_gen_v8_3_6_synth
INFO: [VRFC 10-307] analyzing entity pmk_fifo_blk_mem_gen_v8_3_6
INFO: [VRFC 10-307] analyzing entity pmk_fifo_memory
INFO: [VRFC 10-307] analyzing entity pmk_fifo_fifo_generator_ramfifo
INFO: [VRFC 10-307] analyzing entity pmk_fifo_fifo_generator_top
INFO: [VRFC 10-307] analyzing entity pmk_fifo_fifo_generator_v13_1_4_synth
INFO: [VRFC 10-307] analyzing entity pmk_fifo_fifo_generator_v13_1_4
INFO: [VRFC 10-307] analyzing entity pmk_fifo
INFO: [VRFC 10-163] Analyzing VHDL file "D:/workdir/vivado_project/wifi_decrypt/wifi_decrypt/wifi_decrypt.srcs/sources_1/ip/key_fifo/key_fifo_sim_netlist.vhdl" into library xil_defaultlib
INFO: [VRFC 10-307] analyzing entity key_fifo_blk_mem_gen_prim_wrapper
INFO: [VRFC 10-307] analyzing entity \key_fifo_blk_mem_gen_prim_wrapper__parameterized0\
INFO: [VRFC 10-307] analyzing entity \key_fifo_blk_mem_gen_prim_wrapper__parameterized1\
INFO: [VRFC 10-307] analyzing entity \key_fifo_blk_mem_gen_prim_wrapper__parameterized2\
INFO: [VRFC 10-307] analyzing entity \key_fifo_blk_mem_gen_prim_wrapper__parameterized3\
INFO: [VRFC 10-307] analyzing entity \key_fifo_blk_mem_gen_prim_wrapper__parameterized4\
INFO: [VRFC 10-307] analyzing entity \key_fifo_blk_mem_gen_prim_wrapper__parameterized5\
INFO: [VRFC 10-307] analyzing entity \key_fifo_blk_mem_gen_prim_wrapper__parameterized6\
INFO: [VRFC 10-307] analyzing entity key_fifo_rd_bin_cntr
INFO: [VRFC 10-307] analyzing entity key_fifo_rd_handshaking_flags
INFO: [VRFC 10-307] analyzing entity key_fifo_rd_status_flags_as
INFO: [VRFC 10-307] analyzing entity key_fifo_synchronizer_ff
INFO: [VRFC 10-307] analyzing entity key_fifo_synchronizer_ff_0
INFO: [VRFC 10-307] analyzing entity key_fifo_synchronizer_ff_1
INFO: [VRFC 10-307] analyzing entity key_fifo_synchronizer_ff_2
INFO: [VRFC 10-307] analyzing entity \key_fifo_synchronizer_ff__parameterized0\
INFO: [VRFC 10-307] analyzing entity \key_fifo_synchronizer_ff__parameterized0_3\
INFO: [VRFC 10-307] analyzing entity \key_fifo_synchronizer_ff__parameterized0_4\
INFO: [VRFC 10-307] analyzing entity \key_fifo_synchronizer_ff__parameterized0_5\
INFO: [VRFC 10-307] analyzing entity key_fifo_wr_bin_cntr
INFO: [VRFC 10-307] analyzing entity key_fifo_wr_status_flags_as
INFO: [VRFC 10-307] analyzing entity key_fifo_blk_mem_gen_prim_width
INFO: [VRFC 10-307] analyzing entity \key_fifo_blk_mem_gen_prim_width__parameterized0\
INFO: [VRFC 10-307] analyzing entity \key_fifo_blk_mem_gen_prim_width__parameterized1\
INFO: [VRFC 10-307] analyzing entity \key_fifo_blk_mem_gen_prim_width__parameterized2\
INFO: [VRFC 10-307] analyzing entity \key_fifo_blk_mem_gen_prim_width__parameterized3\
INFO: [VRFC 10-307] analyzing entity \key_fifo_blk_mem_gen_prim_width__parameterized4\
INFO: [VRFC 10-307] analyzing entity \key_fifo_blk_mem_gen_prim_width__parameterized5\
INFO: [VRFC 10-307] analyzing entity \key_fifo_blk_mem_gen_prim_width__parameterized6\
INFO: [VRFC 10-307] analyzing entity key_fifo_clk_x_pntrs
INFO: [VRFC 10-307] analyzing entity key_fifo_rd_logic
INFO: [VRFC 10-307] analyzing entity key_fifo_reset_blk_ramfifo
INFO: [VRFC 10-307] analyzing entity key_fifo_wr_logic
INFO: [VRFC 10-307] analyzing entity key_fifo_blk_mem_gen_generic_cstr
INFO: [VRFC 10-307] analyzing entity key_fifo_blk_mem_gen_top
INFO: [VRFC 10-307] analyzing entity key_fifo_blk_mem_gen_v8_3_6_synth
INFO: [VRFC 10-307] analyzing entity key_fifo_blk_mem_gen_v8_3_6
INFO: [VRFC 10-307] analyzing entity key_fifo_memory
INFO: [VRFC 10-307] analyzing entity key_fifo_fifo_generator_ramfifo
INFO: [VRFC 10-307] analyzing entity key_fifo_fifo_generator_top
INFO: [VRFC 10-307] analyzing entity key_fifo_fifo_generator_v13_1_4_synth
INFO: [VRFC 10-307] analyzing entity key_fifo_fifo_generator_v13_1_4
INFO: [VRFC 10-307] analyzing entity key_fifo
INFO: [VRFC 10-163] Analyzing VHDL file "D:/workdir/vivado_project/wifi_decrypt/vhd/src/uart/clkdiv.vhd" into library xil_defaultlib
INFO: [VRFC 10-307] analyzing entity CLKDIV
INFO: [VRFC 10-163] Analyzing VHDL file "D:/workdir/vivado_project/wifi_decrypt/vhd/src/sd/de0_nano_const_pkg.vhd" into library xil_defaultlib
INFO: [VRFC 10-163] Analyzing VHDL file "D:/workdir/vivado_project/wifi_decrypt/vhd/src/sd/count_bin.vhd" into library xil_defaultlib
INFO: [VRFC 10-307] analyzing entity count_bin
INFO: [VRFC 10-163] Analyzing VHDL file "D:/workdir/vivado_project/wifi_decrypt/vhd/src/sha1_pkt.vhd" into library xil_defaultlib
INFO: [VRFC 10-163] Analyzing VHDL file "D:/workdir/vivado_project/wifi_decrypt/vhd/src/hmac_sha1_vector.vhd" into library xil_defaultlib
INFO: [VRFC 10-307] analyzing entity HMAC_SHA1_VECTOR
INFO: [VRFC 10-163] Analyzing VHDL file "D:/workdir/vivado_project/wifi_decrypt/vhd/src/key_schedule.vhd" into library xil_defaultlib
INFO: [VRFC 10-307] analyzing entity KEY_SCHEDULE
INFO: [VRFC 10-163] Analyzing VHDL file "D:/workdir/vivado_project/wifi_decrypt/vhd/src/pbkdf2_sha1.vhd" into library xil_defaultlib
INFO: [VRFC 10-307] analyzing entity PBKDF2_SHA1
INFO: [VRFC 10-163] Analyzing VHDL file "D:/workdir/vivado_project/wifi_decrypt/vhd/src/pbkdf2_sha1_f.vhd" into library xil_defaultlib
INFO: [VRFC 10-307] analyzing entity PBKDF2_SHA1_F
INFO: [VRFC 10-163] Analyzing VHDL file "D:/workdir/vivado_project/wifi_decrypt/vhd/src/pmk_get_from_fifo.vhd" into library xil_defaultlib
INFO: [VRFC 10-307] analyzing entity PMK_GET_FROM_FIFO
INFO: [VRFC 10-163] Analyzing VHDL file "D:/workdir/vivado_project/wifi_decrypt/vhd/src/pmk_put_to_fifo.vhd" into library xil_defaultlib
INFO: [VRFC 10-307] analyzing entity PMK_PUT_TO_FIFO
INFO: [VRFC 10-163] Analyzing VHDL file "D:/workdir/vivado_project/wifi_decrypt/vhd/src/pmk_verify.vhd" into library xil_defaultlib
INFO: [VRFC 10-307] analyzing entity PMK_VERIFY
INFO: [VRFC 10-163] Analyzing VHDL file "D:/workdir/vivado_project/wifi_decrypt/vhd/src/sd/sd_const_pkg.vhd" into library xil_defaultlib
INFO: [VRFC 10-163] Analyzing VHDL file "D:/workdir/vivado_project/wifi_decrypt/vhd/src/sd_virtual.vhd" into library xil_defaultlib
INFO: [VRFC 10-307] analyzing entity sd_virtual
INFO: [VRFC 10-163] Analyzing VHDL file "D:/workdir/vivado_project/wifi_decrypt/vhd/src/sha1_calc.vhd" into library xil_defaultlib
INFO: [VRFC 10-307] analyzing entity SHA1_CALC
INFO: [VRFC 10-163] Analyzing VHDL file "D:/workdir/vivado_project/wifi_decrypt/vhd/src/sha1_core.vhd" into library xil_defaultlib
INFO: [VRFC 10-307] analyzing entity SHA1_CORE
INFO: [VRFC 10-163] Analyzing VHDL file "D:/workdir/vivado_project/wifi_decrypt/vhd/src/sha1_ibuffer.vhd" into library xil_defaultlib
INFO: [VRFC 10-307] analyzing entity SHA1_IBUFFER
INFO: [VRFC 10-163] Analyzing VHDL file "D:/workdir/vivado_project/wifi_decrypt/vhd/src/sha1_schedule.vhd" into library xil_defaultlib
INFO: [VRFC 10-307] analyzing entity SHA1_SCHEDULE
INFO: [VRFC 10-163] Analyzing VHDL file "D:/workdir/vivado_project/wifi_decrypt/vhd/src/sync_pulse.vhd" into library xil_defaultlib
INFO: [VRFC 10-307] analyzing entity SYNC_PULSE
INFO: [VRFC 10-163] Analyzing VHDL file "D:/workdir/vivado_project/wifi_decrypt/vhd/src/uart/uart_tx.vhd" into library xil_defaultlib
INFO: [VRFC 10-307] analyzing entity UART_TX
INFO: [VRFC 10-163] Analyzing VHDL file "D:/workdir/vivado_project/wifi_decrypt/vhd/src/wifi_decrypt.vhd" into library xil_defaultlib
INFO: [VRFC 10-307] analyzing entity WIFI_DECRYPT
INFO: [VRFC 10-163] Analyzing VHDL file "D:/workdir/vivado_project/wifi_decrypt/vhd/src/tb_wifi_decrypt.vhd" into library xil_defaultlib
INFO: [VRFC 10-307] analyzing entity TB_WIFI_DECRYPT
